<?xml version="1.0" encoding="UTF-8"?>
<!-- Generated by org.testng.reporters.JUnitReportReporter -->
<testsuite hostname="DESKTOP-J77L1O0" failures="0" tests="1" name="comTest.LoginTest" time="13.219" errors="0" timestamp="2022-10-02T13:19:30 IST" skipped="0">
  <testcase classname="comTest.LoginTest" name="loginTest" time="13.219"/>
  <system-out/>
</testsuite> <!-- comTest.LoginTest -->
